<?xml version="1.0" encoding="utf-8"?>
<coverage line-rate="0.7084999999999999" branch-rate="0.34380000000000005" version="1.9" timestamp="1777854594" lines-covered="350" lines-valid="494" branches-covered="142" branches-valid="413">
  <sources>
    <source>E:\Proyectos\sovereign-id-openspec\src\</source>
  </sources>
  <packages>
    <package name="SovereignID.Issuer.Application" line-rate="0.3191" branch-rate="0" complexity="46">
      <classes>
        <class name="SovereignID.Issuer.Application.TituloGraduacion.IssuerTituloGraduacionDocumentErrorMapper" filename="bc-issuer\SovereignID.Issuer.Application\TituloGraduacion\IssuerTituloGraduacionDocumentErrorMapper.cs" line-rate="0" branch-rate="0" complexity="43">
          <methods>
            <method name="Map" signature="(System.String)" line-rate="0" branch-rate="0" complexity="43">
              <lines>
                <line number="13" hits="0" branch="True" condition-coverage="0% (0/43)">
                  <conditions>
                    <condition number="1" type="jump" coverage="0%" />
                    <condition number="17" type="switch" coverage="0%" />
                    <condition number="79" type="jump" coverage="0%" />
                    <condition number="103" type="jump" coverage="0%" />
                    <condition number="108" type="jump" coverage="0%" />
                    <condition number="84" type="jump" coverage="0%" />
                    <condition number="113" type="jump" coverage="0%" />
                    <condition number="209" type="jump" coverage="0%" />
                    <condition number="131" type="jump" coverage="0%" />
                    <condition number="173" type="jump" coverage="0%" />
                    <condition number="152" type="jump" coverage="0%" />
                    <condition number="191" type="jump" coverage="0%" />
                    <condition number="237" type="jump" coverage="0%" />
                    <condition number="252" type="jump" coverage="0%" />
                    <condition number="222" type="jump" coverage="0%" />
                    <condition number="267" type="jump" coverage="0%" />
                    <condition number="282" type="jump" coverage="0%" />
                  </conditions>
                </line>
                <line number="14" hits="0" branch="False" />
                <line number="15" hits="0" branch="False" />
                <line number="16" hits="0" branch="False" />
                <line number="17" hits="0" branch="False" />
                <line number="18" hits="0" branch="False" />
                <line number="19" hits="0" branch="False" />
                <line number="20" hits="0" branch="False" />
                <line number="21" hits="0" branch="False" />
                <line number="22" hits="0" branch="False" />
                <line number="23" hits="0" branch="False" />
                <line number="24" hits="0" branch="False" />
                <line number="25" hits="0" branch="False" />
                <line number="26" hits="0" branch="False" />
                <line number="27" hits="0" branch="False" />
                <line number="28" hits="0" branch="False" />
                <line number="29" hits="0" branch="False" />
                <line number="30" hits="0" branch="False" />
                <line number="31" hits="0" branch="False" />
                <line number="32" hits="0" branch="False" />
                <line number="33" hits="0" branch="False" />
              </lines>
            </method>
          </methods>
          <lines>
            <line number="13" hits="0" branch="True" condition-coverage="0% (0/43)">
              <conditions>
                <condition number="1" type="jump" coverage="0%" />
                <condition number="17" type="switch" coverage="0%" />
                <condition number="79" type="jump" coverage="0%" />
                <condition number="103" type="jump" coverage="0%" />
                <condition number="108" type="jump" coverage="0%" />
                <condition number="84" type="jump" coverage="0%" />
                <condition number="113" type="jump" coverage="0%" />
                <condition number="209" type="jump" coverage="0%" />
                <condition number="131" type="jump" coverage="0%" />
                <condition number="173" type="jump" coverage="0%" />
                <condition number="152" type="jump" coverage="0%" />
                <condition number="191" type="jump" coverage="0%" />
                <condition number="237" type="jump" coverage="0%" />
                <condition number="252" type="jump" coverage="0%" />
                <condition number="222" type="jump" coverage="0%" />
                <condition number="267" type="jump" coverage="0%" />
                <condition number="282" type="jump" coverage="0%" />
              </conditions>
            </line>
            <line number="14" hits="0" branch="False" />
            <line number="15" hits="0" branch="False" />
            <line number="16" hits="0" branch="False" />
            <line number="17" hits="0" branch="False" />
            <line number="18" hits="0" branch="False" />
            <line number="19" hits="0" branch="False" />
            <line number="20" hits="0" branch="False" />
            <line number="21" hits="0" branch="False" />
            <line number="22" hits="0" branch="False" />
            <line number="23" hits="0" branch="False" />
            <line number="24" hits="0" branch="False" />
            <line number="25" hits="0" branch="False" />
            <line number="26" hits="0" branch="False" />
            <line number="27" hits="0" branch="False" />
            <line number="28" hits="0" branch="False" />
            <line number="29" hits="0" branch="False" />
            <line number="30" hits="0" branch="False" />
            <line number="31" hits="0" branch="False" />
            <line number="32" hits="0" branch="False" />
            <line number="33" hits="0" branch="False" />
          </lines>
        </class>
        <class name="SovereignID.Issuer.Application.TituloGraduacion.IssuerVcIntegritySignRequestMapper" filename="bc-issuer\SovereignID.Issuer.Application\TituloGraduacion\IssuerVcIntegritySignRequestMapper.cs" line-rate="0" branch-rate="1" complexity="1">
          <methods>
            <method name="ToEip712" signature="(SovereignID.Issuer.Domain.TituloGraduacion.IssuerVcIntegritySignRequest)" line-rate="0" branch-rate="1" complexity="1">
              <lines>
                <line number="9" hits="0" branch="False" />
                <line number="10" hits="0" branch="False" />
                <line number="11" hits="0" branch="False" />
                <line number="12" hits="0" branch="False" />
                <line number="13" hits="0" branch="False" />
                <line number="14" hits="0" branch="False" />
                <line number="15" hits="0" branch="False" />
                <line number="16" hits="0" branch="False" />
                <line number="17" hits="0" branch="False" />
                <line number="18" hits="0" branch="False" />
                <line number="19" hits="0" branch="False" />
              </lines>
            </method>
          </methods>
          <lines>
            <line number="9" hits="0" branch="False" />
            <line number="10" hits="0" branch="False" />
            <line number="11" hits="0" branch="False" />
            <line number="12" hits="0" branch="False" />
            <line number="13" hits="0" branch="False" />
            <line number="14" hits="0" branch="False" />
            <line number="15" hits="0" branch="False" />
            <line number="16" hits="0" branch="False" />
            <line number="17" hits="0" branch="False" />
            <line number="18" hits="0" branch="False" />
            <line number="19" hits="0" branch="False" />
          </lines>
        </class>
        <class name="SovereignID.Issuer.Application.TituloGraduacion.IssueTituloGraduacionCredentialCommand" filename="bc-issuer\SovereignID.Issuer.Application\TituloGraduacion\IssueTituloGraduacionCredentialCommand.cs" line-rate="1" branch-rate="1" complexity="1">
          <methods>
            <method name=".ctor" signature="(System.String,System.String,System.String,System.String,System.String,System.Nullable`1&lt;System.DateTimeOffset&gt;)" line-rate="1" branch-rate="1" complexity="1">
              <lines>
                <line number="8" hits="7" branch="False" />
                <line number="9" hits="7" branch="False" />
                <line number="10" hits="7" branch="False" />
                <line number="11" hits="7" branch="False" />
                <line number="12" hits="7" branch="False" />
                <line number="13" hits="7" branch="False" />
                <line number="14" hits="7" branch="False" />
              </lines>
            </method>
          </methods>
          <lines>
            <line number="8" hits="7" branch="False" />
            <line number="9" hits="7" branch="False" />
            <line number="10" hits="7" branch="False" />
            <line number="11" hits="7" branch="False" />
            <line number="12" hits="7" branch="False" />
            <line number="13" hits="7" branch="False" />
            <line number="14" hits="7" branch="False" />
          </lines>
        </class>
        <class name="SovereignID.Issuer.Application.TituloGraduacion.IssueTituloGraduacionCredentialCommandHandler" filename="bc-issuer\SovereignID.Issuer.Application\TituloGraduacion\IssueTituloGraduacionCredentialCommandHandler.cs" line-rate="1" branch-rate="1" complexity="1">
          <methods>
            <method name=".ctor" signature="(SovereignID.Issuer.Domain.TituloGraduacion.IIssuerVcIntegritySigner,SovereignID.SharedKernel.Domain.IClock,SovereignID.SharedKernel.Domain.IGuidGenerator)" line-rate="1" branch-rate="1" complexity="1">
              <lines>
                <line number="20" hits="7" branch="False" />
                <line number="21" hits="7" branch="False" />
                <line number="22" hits="7" branch="False" />
                <line number="23" hits="7" branch="False" />
                <line number="25" hits="7" branch="False" />
                <line number="26" hits="7" branch="False" />
                <line number="27" hits="7" branch="False" />
                <line number="28" hits="7" branch="False" />
              </lines>
            </method>
          </methods>
          <lines>
            <line number="20" hits="7" branch="False" />
            <line number="21" hits="7" branch="False" />
            <line number="22" hits="7" branch="False" />
            <line number="23" hits="7" branch="False" />
            <line number="25" hits="7" branch="False" />
            <line number="26" hits="7" branch="False" />
            <line number="27" hits="7" branch="False" />
            <line number="28" hits="7" branch="False" />
          </lines>
        </class>
      </classes>
    </package>
    <package name="SovereignID.Issuer.Domain" line-rate="1" branch-rate="1" complexity="5">
      <classes>
        <class name="SovereignID.Issuer.Domain.TituloGraduacion.IssuerVcIntegritySignRequest" filename="bc-issuer\SovereignID.Issuer.Domain\TituloGraduacion\IssuerVcIntegritySignRequest.cs" line-rate="1" branch-rate="1" complexity="1">
          <methods>
            <method name=".ctor" signature="(System.String,System.String,System.String,System.String,System.String,System.String,System.String,System.String)" line-rate="1" branch-rate="1" complexity="1">
              <lines>
                <line number="6" hits="7" branch="False" />
                <line number="7" hits="7" branch="False" />
                <line number="8" hits="7" branch="False" />
                <line number="9" hits="7" branch="False" />
                <line number="10" hits="7" branch="False" />
                <line number="11" hits="7" branch="False" />
                <line number="12" hits="7" branch="False" />
                <line number="13" hits="7" branch="False" />
                <line number="14" hits="7" branch="False" />
              </lines>
            </method>
          </methods>
          <lines>
            <line number="6" hits="7" branch="False" />
            <line number="7" hits="7" branch="False" />
            <line number="8" hits="7" branch="False" />
            <line number="9" hits="7" branch="False" />
            <line number="10" hits="7" branch="False" />
            <line number="11" hits="7" branch="False" />
            <line number="12" hits="7" branch="False" />
            <line number="13" hits="7" branch="False" />
            <line number="14" hits="7" branch="False" />
          </lines>
        </class>
        <class name="SovereignID.Issuer.Domain.TituloGraduacion.VerifiableCredentialJsonBuilder" filename="bc-issuer\SovereignID.Issuer.Domain\TituloGraduacion\VerifiableCredentialJsonBuilder.cs" line-rate="1" branch-rate="1" complexity="4">
          <methods>
            <method name="BuildUnsignedCredential" signature="(System.String,System.String,System.String,SovereignID.Issuer.Domain.TituloGraduacion.TituloGraduacionClaims,System.String,System.String)" line-rate="1" branch-rate="1" complexity="2">
              <lines>
                <line number="26" hits="7" branch="False" />
                <line number="27" hits="7" branch="False" />
                <line number="28" hits="7" branch="False" />
                <line number="29" hits="7" branch="False" />
                <line number="31" hits="7" branch="False" />
                <line number="32" hits="7" branch="False" />
                <line number="33" hits="7" branch="False" />
                <line number="34" hits="7" branch="False" />
                <line number="35" hits="7" branch="False" />
                <line number="36" hits="7" branch="False" />
                <line number="37" hits="7" branch="False" />
                <line number="39" hits="7" branch="False" />
                <line number="41" hits="7" branch="False" />
                <line number="43" hits="7" branch="False" />
                <line number="45" hits="7" branch="False" />
                <line number="46" hits="7" branch="False" />
                <line number="47" hits="7" branch="False" />
                <line number="48" hits="7" branch="False" />
                <line number="49" hits="7" branch="False" />
                <line number="50" hits="7" branch="False" />
                <line number="51" hits="7" branch="False" />
                <line number="52" hits="7" branch="False" />
                <line number="53" hits="7" branch="False" />
                <line number="55" hits="7" branch="True" condition-coverage="100% (2/2)">
                  <conditions>
                    <condition number="373" type="jump" coverage="100%" />
                  </conditions>
                </line>
                <line number="57" hits="1" branch="False" />
                <line number="60" hits="7" branch="False" />
              </lines>
            </method>
            <method name="AttachIssuerProof" signature="(System.Text.Json.Nodes.JsonObject,System.String,System.String)" line-rate="1" branch-rate="1" complexity="1">
              <lines>
                <line number="68" hits="7" branch="False" />
                <line number="69" hits="7" branch="False" />
                <line number="70" hits="7" branch="False" />
                <line number="72" hits="7" branch="False" />
                <line number="73" hits="7" branch="False" />
                <line number="74" hits="7" branch="False" />
                <line number="75" hits="7" branch="False" />
                <line number="76" hits="7" branch="False" />
                <line number="77" hits="7" branch="False" />
                <line number="78" hits="7" branch="False" />
                <line number="79" hits="7" branch="False" />
                <line number="80" hits="7" branch="False" />
              </lines>
            </method>
            <method name="Serialize" signature="(System.Text.Json.Nodes.JsonObject)" line-rate="1" branch-rate="1" complexity="1">
              <lines>
                <line number="87" hits="14" branch="False" />
                <line number="88" hits="14" branch="False" />
              </lines>
            </method>
          </methods>
          <lines>
            <line number="26" hits="7" branch="False" />
            <line number="27" hits="7" branch="False" />
            <line number="28" hits="7" branch="False" />
            <line number="29" hits="7" branch="False" />
            <line number="31" hits="7" branch="False" />
            <line number="32" hits="7" branch="False" />
            <line number="33" hits="7" branch="False" />
            <line number="34" hits="7" branch="False" />
            <line number="35" hits="7" branch="False" />
            <line number="36" hits="7" branch="False" />
            <line number="37" hits="7" branch="False" />
            <line number="39" hits="7" branch="False" />
            <line number="41" hits="7" branch="False" />
            <line number="43" hits="7" branch="False" />
            <line number="45" hits="7" branch="False" />
            <line number="46" hits="7" branch="False" />
            <line number="47" hits="7" branch="False" />
            <line number="48" hits="7" branch="False" />
            <line number="49" hits="7" branch="False" />
            <line number="50" hits="7" branch="False" />
            <line number="51" hits="7" branch="False" />
            <line number="52" hits="7" branch="False" />
            <line number="53" hits="7" branch="False" />
            <line number="55" hits="7" branch="True" condition-coverage="100% (2/2)">
              <conditions>
                <condition number="373" type="jump" coverage="100%" />
              </conditions>
            </line>
            <line number="57" hits="1" branch="False" />
            <line number="60" hits="7" branch="False" />
            <line number="68" hits="7" branch="False" />
            <line number="69" hits="7" branch="False" />
            <line number="70" hits="7" branch="False" />
            <line number="72" hits="7" branch="False" />
            <line number="73" hits="7" branch="False" />
            <line number="74" hits="7" branch="False" />
            <line number="75" hits="7" branch="False" />
            <line number="76" hits="7" branch="False" />
            <line number="77" hits="7" branch="False" />
            <line number="78" hits="7" branch="False" />
            <line number="79" hits="7" branch="False" />
            <line number="80" hits="7" branch="False" />
            <line number="87" hits="14" branch="False" />
            <line number="88" hits="14" branch="False" />
          </lines>
        </class>
      </classes>
    </package>
    <package name="SovereignID.Issuer.Infrastructure" line-rate="1" branch-rate="0.5" complexity="3">
      <classes>
        <class name="SovereignID.Issuer.Infrastructure.TituloGraduacion.NethereumIssuerVcIntegritySigner" filename="bc-issuer\SovereignID.Issuer.Infrastructure\TituloGraduacion\NethereumIssuerVcIntegritySigner.cs" line-rate="1" branch-rate="0.5" complexity="3">
          <methods>
            <method name="SignAsync" signature="(SovereignID.Issuer.Domain.TituloGraduacion.IssuerVcIntegritySignRequest,System.Threading.CancellationToken)" line-rate="1" branch-rate="1" complexity="1">
              <lines>
                <line number="25" hits="7" branch="False" />
                <line number="26" hits="7" branch="False" />
                <line number="28" hits="7" branch="False" />
                <line number="29" hits="7" branch="False" />
                <line number="30" hits="7" branch="False" />
                <line number="31" hits="7" branch="False" />
                <line number="32" hits="7" branch="False" />
                <line number="33" hits="7" branch="False" />
                <line number="34" hits="7" branch="False" />
                <line number="35" hits="7" branch="False" />
                <line number="36" hits="7" branch="False" />
                <line number="37" hits="7" branch="False" />
                <line number="38" hits="7" branch="False" />
                <line number="40" hits="7" branch="False" />
                <line number="41" hits="7" branch="False" />
              </lines>
            </method>
            <method name=".ctor" signature="(Nethereum.Signer.EthECKey)" line-rate="1" branch-rate="0.5" complexity="2">
              <lines>
                <line number="17" hits="7" branch="False" />
                <line number="19" hits="7" branch="True" condition-coverage="50% (1/2)">
                  <conditions>
                    <condition number="9" type="jump" coverage="50%" />
                  </conditions>
                </line>
                <line number="20" hits="7" branch="False" />
              </lines>
            </method>
          </methods>
          <lines>
            <line number="25" hits="7" branch="False" />
            <line number="26" hits="7" branch="False" />
            <line number="28" hits="7" branch="False" />
            <line number="29" hits="7" branch="False" />
            <line number="30" hits="7" branch="False" />
            <line number="31" hits="7" branch="False" />
            <line number="32" hits="7" branch="False" />
            <line number="33" hits="7" branch="False" />
            <line number="34" hits="7" branch="False" />
            <line number="35" hits="7" branch="False" />
            <line number="36" hits="7" branch="False" />
            <line number="37" hits="7" branch="False" />
            <line number="38" hits="7" branch="False" />
            <line number="40" hits="7" branch="False" />
            <line number="41" hits="7" branch="False" />
            <line number="17" hits="7" branch="False" />
            <line number="19" hits="7" branch="True" condition-coverage="50% (1/2)">
              <conditions>
                <condition number="9" type="jump" coverage="50%" />
              </conditions>
            </line>
            <line number="20" hits="7" branch="False" />
          </lines>
        </class>
      </classes>
    </package>
    <package name="SovereignID.SharedKernel.Domain" line-rate="0.5357" branch-rate="0.5" complexity="24">
      <classes>
        <class name="SovereignID.SharedKernel.Domain.EthrSepoliaDidParser" filename="shared\SovereignID.SharedKernel.Domain\EthrSepoliaDidParser.cs" line-rate="0.6111" branch-rate="0.5" complexity="14">
          <methods>
            <method name="TryParse" signature="(System.String,SovereignID.SharedKernel.Domain.DecentralizedIdentifier&amp;,SovereignID.SharedKernel.Domain.EthereumAddress&amp;)" line-rate="0.7857" branch-rate="0.5832999999999999" complexity="12">
              <lines>
                <line number="24" hits="53" branch="False" />
                <line number="25" hits="53" branch="False" />
                <line number="27" hits="53" branch="True" condition-coverage="50% (2/4)">
                  <conditions>
                    <condition number="12" type="jump" coverage="50%" />
                    <condition number="26" type="jump" coverage="50%" />
                  </conditions>
                </line>
                <line number="29" hits="0" branch="False" />
                <line number="32" hits="53" branch="False" />
                <line number="33" hits="53" branch="True" condition-coverage="50% (1/2)">
                  <conditions>
                    <condition number="56" type="jump" coverage="50%" />
                  </conditions>
                </line>
                <line number="35" hits="0" branch="False" />
                <line number="38" hits="4346" branch="True" condition-coverage="100% (2/2)">
                  <conditions>
                    <condition number="109" type="jump" coverage="100%" />
                  </conditions>
                </line>
                <line number="40" hits="2120" branch="True" condition-coverage="50% (2/4)">
                  <conditions>
                    <condition number="84" type="jump" coverage="50%" />
                    <condition number="93" type="jump" coverage="50%" />
                  </conditions>
                </line>
                <line number="42" hits="0" branch="False" />
                <line number="46" hits="53" branch="False" />
                <line number="47" hits="53" branch="False" />
                <line number="48" hits="53" branch="False" />
                <line number="49" hits="53" branch="False" />
              </lines>
            </method>
            <method name="Parse" signature="(System.String)" line-rate="0" branch-rate="0" complexity="2">
              <lines>
                <line number="57" hits="0" branch="True" condition-coverage="0% (0/2)">
                  <conditions>
                    <condition number="10" type="jump" coverage="0%" />
                  </conditions>
                </line>
                <line number="59" hits="0" branch="False" />
                <line number="60" hits="0" branch="False" />
                <line number="63" hits="0" branch="False" />
              </lines>
            </method>
          </methods>
          <lines>
            <line number="24" hits="53" branch="False" />
            <line number="25" hits="53" branch="False" />
            <line number="27" hits="53" branch="True" condition-coverage="50% (2/4)">
              <conditions>
                <condition number="12" type="jump" coverage="50%" />
                <condition number="26" type="jump" coverage="50%" />
              </conditions>
            </line>
            <line number="29" hits="0" branch="False" />
            <line number="32" hits="53" branch="False" />
            <line number="33" hits="53" branch="True" condition-coverage="50% (1/2)">
              <conditions>
                <condition number="56" type="jump" coverage="50%" />
              </conditions>
            </line>
            <line number="35" hits="0" branch="False" />
            <line number="38" hits="4346" branch="True" condition-coverage="100% (2/2)">
              <conditions>
                <condition number="109" type="jump" coverage="100%" />
              </conditions>
            </line>
            <line number="40" hits="2120" branch="True" condition-coverage="50% (2/4)">
              <conditions>
                <condition number="84" type="jump" coverage="50%" />
                <condition number="93" type="jump" coverage="50%" />
              </conditions>
            </line>
            <line number="42" hits="0" branch="False" />
            <line number="46" hits="53" branch="False" />
            <line number="47" hits="53" branch="False" />
            <line number="48" hits="53" branch="False" />
            <line number="49" hits="53" branch="False" />
            <line number="57" hits="0" branch="True" condition-coverage="0% (0/2)">
              <conditions>
                <condition number="10" type="jump" coverage="0%" />
              </conditions>
            </line>
            <line number="59" hits="0" branch="False" />
            <line number="60" hits="0" branch="False" />
            <line number="63" hits="0" branch="False" />
          </lines>
        </class>
        <class name="SovereignID.SharedKernel.Domain.DecentralizedIdentifier" filename="shared\SovereignID.SharedKernel.Domain\ValueObjects.cs" line-rate="1" branch-rate="1" complexity="2">
          <methods>
            <method name="Create" signature="(System.String)" line-rate="1" branch-rate="1" complexity="1">
              <lines>
                <line number="7" hits="53" branch="False" />
              </lines>
            </method>
            <method name=".ctor" signature="(System.String)" line-rate="1" branch-rate="1" complexity="1">
              <lines>
                <line number="5" hits="106" branch="False" />
              </lines>
            </method>
          </methods>
          <lines>
            <line number="7" hits="53" branch="False" />
            <line number="5" hits="106" branch="False" />
          </lines>
        </class>
        <class name="SovereignID.SharedKernel.Domain.EthereumAddress" filename="shared\SovereignID.SharedKernel.Domain\ValueObjects.cs" line-rate="1" branch-rate="1" complexity="2">
          <methods>
            <method name="Create" signature="(System.String)" line-rate="1" branch-rate="1" complexity="1">
              <lines>
                <line number="14" hits="53" branch="False" />
              </lines>
            </method>
            <method name=".ctor" signature="(System.String)" line-rate="1" branch-rate="1" complexity="1">
              <lines>
                <line number="12" hits="106" branch="False" />
              </lines>
            </method>
          </methods>
          <lines>
            <line number="14" hits="53" branch="False" />
            <line number="12" hits="106" branch="False" />
          </lines>
        </class>
        <class name="SovereignID.SharedKernel.Domain.Sha256Hash" filename="shared\SovereignID.SharedKernel.Domain\ValueObjects.cs" line-rate="0" branch-rate="1" complexity="2">
          <methods>
            <method name="Create" signature="(System.String)" line-rate="0" branch-rate="1" complexity="1">
              <lines>
                <line number="21" hits="0" branch="False" />
              </lines>
            </method>
            <method name=".ctor" signature="(System.String)" line-rate="0" branch-rate="1" complexity="1">
              <lines>
                <line number="19" hits="0" branch="False" />
              </lines>
            </method>
          </methods>
          <lines>
            <line number="21" hits="0" branch="False" />
            <line number="19" hits="0" branch="False" />
          </lines>
        </class>
        <class name="SovereignID.SharedKernel.Domain.PublicKey" filename="shared\SovereignID.SharedKernel.Domain\ValueObjects.cs" line-rate="0" branch-rate="1" complexity="2">
          <methods>
            <method name="Create" signature="(System.String)" line-rate="0" branch-rate="1" complexity="1">
              <lines>
                <line number="28" hits="0" branch="False" />
              </lines>
            </method>
            <method name=".ctor" signature="(System.String)" line-rate="0" branch-rate="1" complexity="1">
              <lines>
                <line number="26" hits="0" branch="False" />
              </lines>
            </method>
          </methods>
          <lines>
            <line number="28" hits="0" branch="False" />
            <line number="26" hits="0" branch="False" />
          </lines>
        </class>
        <class name="SovereignID.SharedKernel.Domain.Signature" filename="shared\SovereignID.SharedKernel.Domain\ValueObjects.cs" line-rate="0" branch-rate="1" complexity="2">
          <methods>
            <method name="Create" signature="(System.String)" line-rate="0" branch-rate="1" complexity="1">
              <lines>
                <line number="35" hits="0" branch="False" />
              </lines>
            </method>
            <method name=".ctor" signature="(System.String)" line-rate="0" branch-rate="1" complexity="1">
              <lines>
                <line number="33" hits="0" branch="False" />
              </lines>
            </method>
          </methods>
          <lines>
            <line number="35" hits="0" branch="False" />
            <line number="33" hits="0" branch="False" />
          </lines>
        </class>
      </classes>
    </package>
    <package name="SovereignID.SharedKernel.Infrastructure" line-rate="1" branch-rate="1" complexity="0">
      <classes />
    </package>
    <package name="SovereignID.VcSliceA.Document" line-rate="0.7073999999999999" branch-rate="0.5820000000000001" complexity="136">
      <classes>
        <class name="SovereignID.VcSliceA.Document.TituloGraduacionVcDocumentConstants" filename="shared\SovereignID.VcSliceA.Document\TituloGraduacionVcDocumentConstants.cs" line-rate="1" branch-rate="1" complexity="1">
          <methods>
            <method name="CreateSecondContextObject" signature="()" line-rate="1" branch-rate="1" complexity="1">
              <lines>
                <line number="24" hits="20" branch="False" />
                <line number="25" hits="20" branch="False" />
                <line number="26" hits="20" branch="False" />
                <line number="27" hits="20" branch="False" />
                <line number="28" hits="20" branch="False" />
                <line number="29" hits="20" branch="False" />
                <line number="30" hits="20" branch="False" />
              </lines>
            </method>
          </methods>
          <lines>
            <line number="24" hits="20" branch="False" />
            <line number="25" hits="20" branch="False" />
            <line number="26" hits="20" branch="False" />
            <line number="27" hits="20" branch="False" />
            <line number="28" hits="20" branch="False" />
            <line number="29" hits="20" branch="False" />
            <line number="30" hits="20" branch="False" />
          </lines>
        </class>
        <class name="SovereignID.VcSliceA.Document.TituloGraduacionVcDocumentValidator" filename="shared\SovereignID.VcSliceA.Document\TituloGraduacionVcDocumentValidator.cs" line-rate="0.6928" branch-rate="0.5820000000000001" complexity="135">
          <methods>
            <method name="Validate" signature="(System.Text.Json.JsonElement,System.DateTimeOffset,SovereignID.VcSliceA.Document.CredentialValidationMode)" line-rate="0.6315" branch-rate="0.6029" complexity="68">
              <lines>
                <line number="32" hits="13" branch="True" condition-coverage="50% (1/2)">
                  <conditions>
                    <condition number="8" type="jump" coverage="50%" />
                  </conditions>
                </line>
                <line number="34" hits="0" branch="False" />
                <line number="37" hits="13" branch="True" condition-coverage="75% (3/4)">
                  <conditions>
                    <condition number="17" type="jump" coverage="100%" />
                    <condition number="33" type="jump" coverage="50%" />
                  </conditions>
                </line>
                <line number="39" hits="0" branch="False" />
                <line number="42" hits="13" branch="True" condition-coverage="50% (1/2)">
                  <conditions>
                    <condition number="55" type="jump" coverage="50%" />
                  </conditions>
                </line>
                <line number="44" hits="0" branch="False" />
                <line number="47" hits="13" branch="True" condition-coverage="50% (1/2)">
                  <conditions>
                    <condition number="71" type="jump" coverage="50%" />
                  </conditions>
                </line>
                <line number="49" hits="0" branch="False" />
                <line number="52" hits="13" branch="False" />
                <line number="53" hits="13" branch="True" condition-coverage="50% (1/2)">
                  <conditions>
                    <condition number="101" type="jump" coverage="50%" />
                  </conditions>
                </line>
                <line number="55" hits="0" branch="False" />
                <line number="58" hits="13" branch="True" condition-coverage="50% (2/4)">
                  <conditions>
                    <condition number="122" type="jump" coverage="50%" />
                    <condition number="147" type="jump" coverage="50%" />
                  </conditions>
                </line>
                <line number="59" hits="13" branch="False" />
                <line number="61" hits="0" branch="False" />
                <line number="64" hits="13" branch="True" condition-coverage="50% (1/2)">
                  <conditions>
                    <condition number="168" type="jump" coverage="50%" />
                  </conditions>
                </line>
                <line number="66" hits="0" branch="False" />
                <line number="69" hits="13" branch="True" condition-coverage="50% (1/2)">
                  <conditions>
                    <condition number="188" type="jump" coverage="50%" />
                  </conditions>
                </line>
                <line number="71" hits="0" branch="False" />
                <line number="74" hits="13" branch="True" condition-coverage="50% (2/4)">
                  <conditions>
                    <condition number="210" type="jump" coverage="50%" />
                    <condition number="220" type="jump" coverage="50%" />
                  </conditions>
                </line>
                <line number="76" hits="0" branch="False" />
                <line number="79" hits="13" branch="False" />
                <line number="80" hits="78" branch="True" condition-coverage="100% (2/2)">
                  <conditions>
                    <condition number="311" type="jump" coverage="100%" />
                  </conditions>
                </line>
                <line number="82" hits="26" branch="True" condition-coverage="50% (1/2)">
                  <conditions>
                    <condition number="276" type="jump" coverage="50%" />
                  </conditions>
                </line>
                <line number="84" hits="0" branch="False" />
                <line number="87" hits="26" branch="False" />
                <line number="90" hits="13" branch="True" condition-coverage="50% (3/6)">
                  <conditions>
                    <condition number="336" type="jump" coverage="50%" />
                    <condition number="349" type="jump" coverage="50%" />
                    <condition number="362" type="jump" coverage="50%" />
                  </conditions>
                </line>
                <line number="91" hits="13" branch="False" />
                <line number="92" hits="13" branch="False" />
                <line number="94" hits="0" branch="False" />
                <line number="97" hits="13" branch="True" condition-coverage="50% (2/4)">
                  <conditions>
                    <condition number="384" type="jump" coverage="50%" />
                    <condition number="394" type="jump" coverage="50%" />
                  </conditions>
                </line>
                <line number="99" hits="0" branch="False" />
                <line number="102" hits="13" branch="True" condition-coverage="50% (1/2)">
                  <conditions>
                    <condition number="419" type="jump" coverage="50%" />
                  </conditions>
                </line>
                <line number="104" hits="0" branch="False" />
                <line number="107" hits="13" branch="True" condition-coverage="50% (2/4)">
                  <conditions>
                    <condition number="441" type="jump" coverage="50%" />
                    <condition number="451" type="jump" coverage="50%" />
                  </conditions>
                </line>
                <line number="109" hits="0" branch="False" />
                <line number="112" hits="13" branch="True" condition-coverage="50% (1/2)">
                  <conditions>
                    <condition number="475" type="jump" coverage="50%" />
                  </conditions>
                </line>
                <line number="114" hits="0" branch="False" />
                <line number="117" hits="13" branch="True" condition-coverage="50% (2/4)">
                  <conditions>
                    <condition number="497" type="jump" coverage="50%" />
                    <condition number="507" type="jump" coverage="50%" />
                  </conditions>
                </line>
                <line number="119" hits="0" branch="False" />
                <line number="122" hits="13" branch="True" condition-coverage="50% (1/2)">
                  <conditions>
                    <condition number="529" type="jump" coverage="50%" />
                  </conditions>
                </line>
                <line number="124" hits="0" branch="False" />
                <line number="127" hits="13" branch="True" condition-coverage="100% (2/2)">
                  <conditions>
                    <condition number="545" type="jump" coverage="100%" />
                  </conditions>
                </line>
                <line number="129" hits="1" branch="False" />
                <line number="132" hits="12" branch="True" condition-coverage="100% (4/4)">
                  <conditions>
                    <condition number="567" type="jump" coverage="100%" />
                    <condition number="577" type="jump" coverage="100%" />
                  </conditions>
                </line>
                <line number="134" hits="2" branch="True" condition-coverage="50% (1/2)">
                  <conditions>
                    <condition number="593" type="jump" coverage="50%" />
                  </conditions>
                </line>
                <line number="136" hits="0" branch="False" />
                <line number="139" hits="2" branch="True" condition-coverage="100% (2/2)">
                  <conditions>
                    <condition number="609" type="jump" coverage="100%" />
                  </conditions>
                </line>
                <line number="141" hits="1" branch="False" />
                <line number="145" hits="11" branch="True" condition-coverage="50% (1/2)">
                  <conditions>
                    <condition number="631" type="jump" coverage="50%" />
                  </conditions>
                </line>
                <line number="147" hits="0" branch="False" />
                <line number="150" hits="11" branch="False" />
                <line number="151" hits="11" branch="True" condition-coverage="50% (1/2)">
                  <conditions>
                    <condition number="650" type="jump" coverage="50%" />
                  </conditions>
                </line>
                <line number="153" hits="0" branch="False" />
                <line number="156" hits="11" branch="True" condition-coverage="100% (2/2)">
                  <conditions>
                    <condition number="657" type="jump" coverage="100%" />
                  </conditions>
                </line>
                <line number="158" hits="4" branch="False" />
                <line number="161" hits="7" branch="False" />
                <line number="162" hits="0" branch="False" />
              </lines>
            </method>
            <method name="SecondContextMatches" signature="(System.Text.Json.JsonElement)" line-rate="0.7333" branch-rate="0.6428" complexity="14">
              <lines>
                <line number="166" hits="13" branch="False" />
                <line number="167" hits="13" branch="False" />
                <line number="168" hits="13" branch="False" />
                <line number="170" hits="13" branch="True" condition-coverage="50% (1/2)">
                  <conditions>
                    <condition number="45" type="jump" coverage="50%" />
                  </conditions>
                </line>
                <line number="172" hits="0" branch="False" />
                <line number="175" hits="130" branch="True" condition-coverage="100% (2/2)">
                  <conditions>
                    <condition number="160" type="jump" coverage="100%" />
                  </conditions>
                </line>
                <line number="177" hits="52" branch="True" condition-coverage="50% (2/4)">
                  <conditions>
                    <condition number="99" type="jump" coverage="50%" />
                    <condition number="109" type="jump" coverage="50%" />
                  </conditions>
                </line>
                <line number="179" hits="0" branch="False" />
                <line number="182" hits="52" branch="True" condition-coverage="50% (1/2)">
                  <conditions>
                    <condition number="147" type="jump" coverage="50%" />
                  </conditions>
                </line>
                <line number="184" hits="0" branch="False" />
                <line number="188" hits="130" branch="True" condition-coverage="100% (2/2)">
                  <conditions>
                    <condition number="236" type="jump" coverage="100%" />
                  </conditions>
                </line>
                <line number="190" hits="52" branch="True" condition-coverage="50% (1/2)">
                  <conditions>
                    <condition number="223" type="jump" coverage="50%" />
                  </conditions>
                </line>
                <line number="192" hits="0" branch="False" />
                <line number="196" hits="13" branch="False" />
                <line number="197" hits="13" branch="False" />
              </lines>
            </method>
            <method name="CountProperties" signature="(System.Text.Json.JsonElement)" line-rate="1" branch-rate="1" complexity="2">
              <lines>
                <line number="201" hits="26" branch="False" />
                <line number="202" hits="260" branch="True" condition-coverage="100% (2/2)">
                  <conditions>
                    <condition number="39" type="jump" coverage="100%" />
                  </conditions>
                </line>
                <line number="204" hits="104" branch="False" />
                <line number="207" hits="26" branch="False" />
              </lines>
            </method>
            <method name="ValidateCredentialSubject" signature="(System.Text.Json.JsonElement)" line-rate="0.7297" branch-rate="0.5454" complexity="22">
              <lines>
                <line number="212" hits="11" branch="True" condition-coverage="50% (1/2)">
                  <conditions>
                    <condition number="8" type="jump" coverage="50%" />
                  </conditions>
                </line>
                <line number="214" hits="0" branch="False" />
                <line number="217" hits="11" branch="False" />
                <line number="218" hits="110" branch="True" condition-coverage="100% (2/2)">
                  <conditions>
                    <condition number="85" type="jump" coverage="100%" />
                  </conditions>
                </line>
                <line number="220" hits="44" branch="True" condition-coverage="50% (1/2)">
                  <conditions>
                    <condition number="64" type="jump" coverage="50%" />
                  </conditions>
                </line>
                <line number="222" hits="0" branch="False" />
                <line number="226" hits="11" branch="True" condition-coverage="50% (2/4)">
                  <conditions>
                    <condition number="117" type="jump" coverage="50%" />
                    <condition number="127" type="jump" coverage="50%" />
                  </conditions>
                </line>
                <line number="228" hits="0" branch="False" />
                <line number="231" hits="11" branch="True" condition-coverage="50% (1/2)">
                  <conditions>
                    <condition number="151" type="jump" coverage="50%" />
                  </conditions>
                </line>
                <line number="233" hits="0" branch="False" />
                <line number="236" hits="11" branch="False" />
                <line number="237" hits="11" branch="False" />
                <line number="238" hits="11" branch="False" />
                <line number="239" hits="11" branch="True" condition-coverage="50% (1/2)">
                  <conditions>
                    <condition number="182" type="jump" coverage="50%" />
                  </conditions>
                </line>
                <line number="241" hits="0" branch="False" />
                <line number="244" hits="11" branch="False" />
                <line number="245" hits="11" branch="False" />
                <line number="246" hits="11" branch="False" />
                <line number="247" hits="11" branch="True" condition-coverage="50% (1/2)">
                  <conditions>
                    <condition number="209" type="jump" coverage="50%" />
                  </conditions>
                </line>
                <line number="249" hits="0" branch="False" />
                <line number="252" hits="11" branch="False" />
                <line number="253" hits="11" branch="False" />
                <line number="254" hits="11" branch="False" />
                <line number="255" hits="11" branch="True" condition-coverage="50% (1/2)">
                  <conditions>
                    <condition number="238" type="jump" coverage="50%" />
                  </conditions>
                </line>
                <line number="257" hits="0" branch="False" />
                <line number="260" hits="11" branch="False" />
                <line number="261" hits="11" branch="True" condition-coverage="50% (1/2)">
                  <conditions>
                    <condition number="278" type="jump" coverage="50%" />
                  </conditions>
                </line>
                <line number="263" hits="0" branch="False" />
                <line number="266" hits="11" branch="True" condition-coverage="50% (1/2)">
                  <conditions>
                    <condition number="306" type="jump" coverage="50%" />
                  </conditions>
                </line>
                <line number="267" hits="11" branch="False" />
                <line number="268" hits="11" branch="False" />
                <line number="269" hits="11" branch="False" />
                <line number="270" hits="11" branch="False" />
                <line number="271" hits="11" branch="False" />
                <line number="273" hits="0" branch="False" />
                <line number="276" hits="11" branch="False" />
                <line number="277" hits="0" branch="False" />
              </lines>
            </method>
            <method name="RequireNonEmptyString" signature="(System.Text.Json.JsonElement,System.String,System.String,System.String)" line-rate="0.6" branch-rate="0.5" complexity="6">
              <lines>
                <line number="285" hits="33" branch="True" condition-coverage="50% (2/4)">
                  <conditions>
                    <condition number="10" type="jump" coverage="50%" />
                    <condition number="20" type="jump" coverage="50%" />
                  </conditions>
                </line>
                <line number="287" hits="0" branch="False" />
                <line number="290" hits="33" branch="True" condition-coverage="50% (1/2)">
                  <conditions>
                    <condition number="36" type="jump" coverage="50%" />
                  </conditions>
                </line>
                <line number="292" hits="0" branch="False" />
                <line number="295" hits="33" branch="False" />
              </lines>
            </method>
            <method name="ValidateProof" signature="(System.Text.Json.JsonElement)" line-rate="0.6" branch-rate="0.5" complexity="16">
              <lines>
                <line number="300" hits="4" branch="True" condition-coverage="50% (2/4)">
                  <conditions>
                    <condition number="14" type="jump" coverage="50%" />
                    <condition number="24" type="jump" coverage="50%" />
                  </conditions>
                </line>
                <line number="302" hits="0" branch="False" />
                <line number="305" hits="4" branch="True" condition-coverage="50% (3/6)">
                  <conditions>
                    <condition number="46" type="jump" coverage="50%" />
                    <condition number="56" type="jump" coverage="50%" />
                    <condition number="76" type="jump" coverage="50%" />
                  </conditions>
                </line>
                <line number="306" hits="4" branch="False" />
                <line number="308" hits="0" branch="False" />
                <line number="311" hits="4" branch="True" condition-coverage="50% (2/4)">
                  <conditions>
                    <condition number="98" type="jump" coverage="50%" />
                    <condition number="108" type="jump" coverage="50%" />
                  </conditions>
                </line>
                <line number="313" hits="0" branch="False" />
                <line number="316" hits="4" branch="True" condition-coverage="50% (1/2)">
                  <conditions>
                    <condition number="128" type="jump" coverage="50%" />
                  </conditions>
                </line>
                <line number="318" hits="0" branch="False" />
                <line number="321" hits="4" branch="False" />
              </lines>
            </method>
            <method name="TryParseRfc3339UtcZ" signature="(System.String,System.DateTimeOffset&amp;)" line-rate="0.8" branch-rate="0.5" complexity="6">
              <lines>
                <line number="326" hits="15" branch="False" />
                <line number="327" hits="15" branch="True" condition-coverage="50% (2/4)">
                  <conditions>
                    <condition number="13" type="jump" coverage="50%" />
                    <condition number="27" type="jump" coverage="50%" />
                  </conditions>
                </line>
                <line number="329" hits="0" branch="False" />
                <line number="332" hits="15" branch="True" condition-coverage="50% (1/2)">
                  <conditions>
                    <condition number="45" type="jump" coverage="50%" />
                  </conditions>
                </line>
                <line number="333" hits="15" branch="False" />
                <line number="334" hits="15" branch="False" />
                <line number="335" hits="15" branch="False" />
                <line number="336" hits="15" branch="False" />
                <line number="338" hits="0" branch="False" />
                <line number="341" hits="15" branch="False" />
              </lines>
            </method>
            <method name=".cctor" signature="()" line-rate="1" branch-rate="1" complexity="1">
              <lines>
                <line number="13" hits="1" branch="False" />
                <line number="14" hits="1" branch="False" />
              </lines>
            </method>
          </methods>
          <lines>
            <line number="32" hits="13" branch="True" condition-coverage="50% (1/2)">
              <conditions>
                <condition number="8" type="jump" coverage="50%" />
              </conditions>
            </line>
            <line number="34" hits="0" branch="False" />
            <line number="37" hits="13" branch="True" condition-coverage="75% (3/4)">
              <conditions>
                <condition number="17" type="jump" coverage="100%" />
                <condition number="33" type="jump" coverage="50%" />
              </conditions>
            </line>
            <line number="39" hits="0" branch="False" />
            <line number="42" hits="13" branch="True" condition-coverage="50% (1/2)">
              <conditions>
                <condition number="55" type="jump" coverage="50%" />
              </conditions>
            </line>
            <line number="44" hits="0" branch="False" />
            <line number="47" hits="13" branch="True" condition-coverage="50% (1/2)">
              <conditions>
                <condition number="71" type="jump" coverage="50%" />
              </conditions>
            </line>
            <line number="49" hits="0" branch="False" />
            <line number="52" hits="13" branch="False" />
            <line number="53" hits="13" branch="True" condition-coverage="50% (1/2)">
              <conditions>
                <condition number="101" type="jump" coverage="50%" />
              </conditions>
            </line>
            <line number="55" hits="0" branch="False" />
            <line number="58" hits="13" branch="True" condition-coverage="50% (2/4)">
              <conditions>
                <condition number="122" type="jump" coverage="50%" />
                <condition number="147" type="jump" coverage="50%" />
              </conditions>
            </line>
            <line number="59" hits="13" branch="False" />
            <line number="61" hits="0" branch="False" />
            <line number="64" hits="13" branch="True" condition-coverage="50% (1/2)">
              <conditions>
                <condition number="168" type="jump" coverage="50%" />
              </conditions>
            </line>
            <line number="66" hits="0" branch="False" />
            <line number="69" hits="13" branch="True" condition-coverage="50% (1/2)">
              <conditions>
                <condition number="188" type="jump" coverage="50%" />
              </conditions>
            </line>
            <line number="71" hits="0" branch="False" />
            <line number="74" hits="13" branch="True" condition-coverage="50% (2/4)">
              <conditions>
                <condition number="210" type="jump" coverage="50%" />
                <condition number="220" type="jump" coverage="50%" />
              </conditions>
            </line>
            <line number="76" hits="0" branch="False" />
            <line number="79" hits="13" branch="False" />
            <line number="80" hits="78" branch="True" condition-coverage="100% (2/2)">
              <conditions>
                <condition number="311" type="jump" coverage="100%" />
              </conditions>
            </line>
            <line number="82" hits="26" branch="True" condition-coverage="50% (1/2)">
              <conditions>
                <condition number="276" type="jump" coverage="50%" />
              </conditions>
            </line>
            <line number="84" hits="0" branch="False" />
            <line number="87" hits="26" branch="False" />
            <line number="90" hits="13" branch="True" condition-coverage="50% (3/6)">
              <conditions>
                <condition number="336" type="jump" coverage="50%" />
                <condition number="349" type="jump" coverage="50%" />
                <condition number="362" type="jump" coverage="50%" />
              </conditions>
            </line>
            <line number="91" hits="13" branch="False" />
            <line number="92" hits="13" branch="False" />
            <line number="94" hits="0" branch="False" />
            <line number="97" hits="13" branch="True" condition-coverage="50% (2/4)">
              <conditions>
                <condition number="384" type="jump" coverage="50%" />
                <condition number="394" type="jump" coverage="50%" />
              </conditions>
            </line>
            <line number="99" hits="0" branch="False" />
            <line number="102" hits="13" branch="True" condition-coverage="50% (1/2)">
              <conditions>
                <condition number="419" type="jump" coverage="50%" />
              </conditions>
            </line>
            <line number="104" hits="0" branch="False" />
            <line number="107" hits="13" branch="True" condition-coverage="50% (2/4)">
              <conditions>
                <condition number="441" type="jump" coverage="50%" />
                <condition number="451" type="jump" coverage="50%" />
              </conditions>
            </line>
            <line number="109" hits="0" branch="False" />
            <line number="112" hits="13" branch="True" condition-coverage="50% (1/2)">
              <conditions>
                <condition number="475" type="jump" coverage="50%" />
              </conditions>
            </line>
            <line number="114" hits="0" branch="False" />
            <line number="117" hits="13" branch="True" condition-coverage="50% (2/4)">
              <conditions>
                <condition number="497" type="jump" coverage="50%" />
                <condition number="507" type="jump" coverage="50%" />
              </conditions>
            </line>
            <line number="119" hits="0" branch="False" />
            <line number="122" hits="13" branch="True" condition-coverage="50% (1/2)">
              <conditions>
                <condition number="529" type="jump" coverage="50%" />
              </conditions>
            </line>
            <line number="124" hits="0" branch="False" />
            <line number="127" hits="13" branch="True" condition-coverage="100% (2/2)">
              <conditions>
                <condition number="545" type="jump" coverage="100%" />
              </conditions>
            </line>
            <line number="129" hits="1" branch="False" />
            <line number="132" hits="12" branch="True" condition-coverage="100% (4/4)">
              <conditions>
                <condition number="567" type="jump" coverage="100%" />
                <condition number="577" type="jump" coverage="100%" />
              </conditions>
            </line>
            <line number="134" hits="2" branch="True" condition-coverage="50% (1/2)">
              <conditions>
                <condition number="593" type="jump" coverage="50%" />
              </conditions>
            </line>
            <line number="136" hits="0" branch="False" />
            <line number="139" hits="2" branch="True" condition-coverage="100% (2/2)">
              <conditions>
                <condition number="609" type="jump" coverage="100%" />
              </conditions>
            </line>
            <line number="141" hits="1" branch="False" />
            <line number="145" hits="11" branch="True" condition-coverage="50% (1/2)">
              <conditions>
                <condition number="631" type="jump" coverage="50%" />
              </conditions>
            </line>
            <line number="147" hits="0" branch="False" />
            <line number="150" hits="11" branch="False" />
            <line number="151" hits="11" branch="True" condition-coverage="50% (1/2)">
              <conditions>
                <condition number="650" type="jump" coverage="50%" />
              </conditions>
            </line>
            <line number="153" hits="0" branch="False" />
            <line number="156" hits="11" branch="True" condition-coverage="100% (2/2)">
              <conditions>
                <condition number="657" type="jump" coverage="100%" />
              </conditions>
            </line>
            <line number="158" hits="4" branch="False" />
            <line number="161" hits="7" branch="False" />
            <line number="162" hits="0" branch="False" />
            <line number="166" hits="13" branch="False" />
            <line number="167" hits="13" branch="False" />
            <line number="168" hits="13" branch="False" />
            <line number="170" hits="13" branch="True" condition-coverage="50% (1/2)">
              <conditions>
                <condition number="45" type="jump" coverage="50%" />
              </conditions>
            </line>
            <line number="172" hits="0" branch="False" />
            <line number="175" hits="130" branch="True" condition-coverage="100% (2/2)">
              <conditions>
                <condition number="160" type="jump" coverage="100%" />
              </conditions>
            </line>
            <line number="177" hits="52" branch="True" condition-coverage="50% (2/4)">
              <conditions>
                <condition number="99" type="jump" coverage="50%" />
                <condition number="109" type="jump" coverage="50%" />
              </conditions>
            </line>
            <line number="179" hits="0" branch="False" />
            <line number="182" hits="52" branch="True" condition-coverage="50% (1/2)">
              <conditions>
                <condition number="147" type="jump" coverage="50%" />
              </conditions>
            </line>
            <line number="184" hits="0" branch="False" />
            <line number="188" hits="130" branch="True" condition-coverage="100% (2/2)">
              <conditions>
                <condition number="236" type="jump" coverage="100%" />
              </conditions>
            </line>
            <line number="190" hits="52" branch="True" condition-coverage="50% (1/2)">
              <conditions>
                <condition number="223" type="jump" coverage="50%" />
              </conditions>
            </line>
            <line number="192" hits="0" branch="False" />
            <line number="196" hits="13" branch="False" />
            <line number="197" hits="13" branch="False" />
            <line number="201" hits="26" branch="False" />
            <line number="202" hits="260" branch="True" condition-coverage="100% (2/2)">
              <conditions>
                <condition number="39" type="jump" coverage="100%" />
              </conditions>
            </line>
            <line number="204" hits="104" branch="False" />
            <line number="207" hits="26" branch="False" />
            <line number="212" hits="11" branch="True" condition-coverage="50% (1/2)">
              <conditions>
                <condition number="8" type="jump" coverage="50%" />
              </conditions>
            </line>
            <line number="214" hits="0" branch="False" />
            <line number="217" hits="11" branch="False" />
            <line number="218" hits="110" branch="True" condition-coverage="100% (2/2)">
              <conditions>
                <condition number="85" type="jump" coverage="100%" />
              </conditions>
            </line>
            <line number="220" hits="44" branch="True" condition-coverage="50% (1/2)">
              <conditions>
                <condition number="64" type="jump" coverage="50%" />
              </conditions>
            </line>
            <line number="222" hits="0" branch="False" />
            <line number="226" hits="11" branch="True" condition-coverage="50% (2/4)">
              <conditions>
                <condition number="117" type="jump" coverage="50%" />
                <condition number="127" type="jump" coverage="50%" />
              </conditions>
            </line>
            <line number="228" hits="0" branch="False" />
            <line number="231" hits="11" branch="True" condition-coverage="50% (1/2)">
              <conditions>
                <condition number="151" type="jump" coverage="50%" />
              </conditions>
            </line>
            <line number="233" hits="0" branch="False" />
            <line number="236" hits="11" branch="False" />
            <line number="237" hits="11" branch="False" />
            <line number="238" hits="11" branch="False" />
            <line number="239" hits="11" branch="True" condition-coverage="50% (1/2)">
              <conditions>
                <condition number="182" type="jump" coverage="50%" />
              </conditions>
            </line>
            <line number="241" hits="0" branch="False" />
            <line number="244" hits="11" branch="False" />
            <line number="245" hits="11" branch="False" />
            <line number="246" hits="11" branch="False" />
            <line number="247" hits="11" branch="True" condition-coverage="50% (1/2)">
              <conditions>
                <condition number="209" type="jump" coverage="50%" />
              </conditions>
            </line>
            <line number="249" hits="0" branch="False" />
            <line number="252" hits="11" branch="False" />
            <line number="253" hits="11" branch="False" />
            <line number="254" hits="11" branch="False" />
            <line number="255" hits="11" branch="True" condition-coverage="50% (1/2)">
              <conditions>
                <condition number="238" type="jump" coverage="50%" />
              </conditions>
            </line>
            <line number="257" hits="0" branch="False" />
            <line number="260" hits="11" branch="False" />
            <line number="261" hits="11" branch="True" condition-coverage="50% (1/2)">
              <conditions>
                <condition number="278" type="jump" coverage="50%" />
              </conditions>
            </line>
            <line number="263" hits="0" branch="False" />
            <line number="266" hits="11" branch="True" condition-coverage="50% (1/2)">
              <conditions>
                <condition number="306" type="jump" coverage="50%" />
              </conditions>
            </line>
            <line number="267" hits="11" branch="False" />
            <line number="268" hits="11" branch="False" />
            <line number="269" hits="11" branch="False" />
            <line number="270" hits="11" branch="False" />
            <line number="271" hits="11" branch="False" />
            <line number="273" hits="0" branch="False" />
            <line number="276" hits="11" branch="False" />
            <line number="277" hits="0" branch="False" />
            <line number="285" hits="33" branch="True" condition-coverage="50% (2/4)">
              <conditions>
                <condition number="10" type="jump" coverage="50%" />
                <condition number="20" type="jump" coverage="50%" />
              </conditions>
            </line>
            <line number="287" hits="0" branch="False" />
            <line number="290" hits="33" branch="True" condition-coverage="50% (1/2)">
              <conditions>
                <condition number="36" type="jump" coverage="50%" />
              </conditions>
            </line>
            <line number="292" hits="0" branch="False" />
            <line number="295" hits="33" branch="False" />
            <line number="300" hits="4" branch="True" condition-coverage="50% (2/4)">
              <conditions>
                <condition number="14" type="jump" coverage="50%" />
                <condition number="24" type="jump" coverage="50%" />
              </conditions>
            </line>
            <line number="302" hits="0" branch="False" />
            <line number="305" hits="4" branch="True" condition-coverage="50% (3/6)">
              <conditions>
                <condition number="46" type="jump" coverage="50%" />
                <condition number="56" type="jump" coverage="50%" />
                <condition number="76" type="jump" coverage="50%" />
              </conditions>
            </line>
            <line number="306" hits="4" branch="False" />
            <line number="308" hits="0" branch="False" />
            <line number="311" hits="4" branch="True" condition-coverage="50% (2/4)">
              <conditions>
                <condition number="98" type="jump" coverage="50%" />
                <condition number="108" type="jump" coverage="50%" />
              </conditions>
            </line>
            <line number="313" hits="0" branch="False" />
            <line number="316" hits="4" branch="True" condition-coverage="50% (1/2)">
              <conditions>
                <condition number="128" type="jump" coverage="50%" />
              </conditions>
            </line>
            <line number="318" hits="0" branch="False" />
            <line number="321" hits="4" branch="False" />
            <line number="326" hits="15" branch="False" />
            <line number="327" hits="15" branch="True" condition-coverage="50% (2/4)">
              <conditions>
                <condition number="13" type="jump" coverage="50%" />
                <condition number="27" type="jump" coverage="50%" />
              </conditions>
            </line>
            <line number="329" hits="0" branch="False" />
            <line number="332" hits="15" branch="True" condition-coverage="50% (1/2)">
              <conditions>
                <condition number="45" type="jump" coverage="50%" />
              </conditions>
            </line>
            <line number="333" hits="15" branch="False" />
            <line number="334" hits="15" branch="False" />
            <line number="335" hits="15" branch="False" />
            <line number="336" hits="15" branch="False" />
            <line number="338" hits="0" branch="False" />
            <line number="341" hits="15" branch="False" />
            <line number="13" hits="1" branch="False" />
            <line number="14" hits="1" branch="False" />
          </lines>
        </class>
      </classes>
    </package>
    <package name="SovereignID.VcSliceA.Eip712" line-rate="0.9803000000000001" branch-rate="0.5" complexity="11">
      <classes>
        <class name="SovereignID.VcSliceA.Eip712.TituloGraduacionVcTypedData" filename="shared\SovereignID.VcSliceA.Eip712\TituloGraduacionVcTypedData.cs" line-rate="0.9642000000000001" branch-rate="0.5" complexity="7">
          <methods>
            <method name="CreateTypedData" signature="(SovereignID.VcSliceA.Eip712.TituloGraduacionCredential712)" line-rate="1" branch-rate="1" complexity="1">
              <lines>
                <line number="16" hits="10" branch="False" />
                <line number="17" hits="10" branch="False" />
                <line number="18" hits="10" branch="False" />
                <line number="19" hits="10" branch="False" />
                <line number="20" hits="10" branch="False" />
                <line number="21" hits="10" branch="False" />
                <line number="23" hits="10" branch="False" />
                <line number="24" hits="10" branch="False" />
                <line number="25" hits="10" branch="False" />
                <line number="26" hits="10" branch="False" />
                <line number="27" hits="10" branch="False" />
                <line number="28" hits="10" branch="False" />
                <line number="29" hits="10" branch="False" />
                <line number="30" hits="10" branch="False" />
                <line number="31" hits="10" branch="False" />
                <line number="32" hits="10" branch="False" />
              </lines>
            </method>
            <method name="Sign" signature="(SovereignID.VcSliceA.Eip712.TituloGraduacionCredential712,Nethereum.Signer.EthECKey)" line-rate="1" branch-rate="1" complexity="1">
              <lines>
                <line number="38" hits="7" branch="False" />
                <line number="39" hits="7" branch="False" />
                <line number="40" hits="7" branch="False" />
              </lines>
            </method>
            <method name="RecoverSignerAddress" signature="(SovereignID.VcSliceA.Eip712.TituloGraduacionCredential712,System.String)" line-rate="1" branch-rate="1" complexity="1">
              <lines>
                <line number="46" hits="3" branch="False" />
                <line number="47" hits="3" branch="False" />
                <line number="48" hits="2" branch="False" />
              </lines>
            </method>
            <method name="NormalizeAddress" signature="(System.String)" line-rate="0.8332999999999999" branch-rate="0.5" complexity="4">
              <lines>
                <line number="53" hits="2" branch="True" condition-coverage="50% (1/2)">
                  <conditions>
                    <condition number="6" type="jump" coverage="50%" />
                  </conditions>
                </line>
                <line number="55" hits="0" branch="False" />
                <line number="58" hits="2" branch="True" condition-coverage="50% (1/2)">
                  <conditions>
                    <condition number="22" type="jump" coverage="50%" />
                  </conditions>
                </line>
                <line number="59" hits="2" branch="False" />
                <line number="60" hits="2" branch="False" />
                <line number="61" hits="2" branch="False" />
              </lines>
            </method>
          </methods>
          <lines>
            <line number="16" hits="10" branch="False" />
            <line number="17" hits="10" branch="False" />
            <line number="18" hits="10" branch="False" />
            <line number="19" hits="10" branch="False" />
            <line number="20" hits="10" branch="False" />
            <line number="21" hits="10" branch="False" />
            <line number="23" hits="10" branch="False" />
            <line number="24" hits="10" branch="False" />
            <line number="25" hits="10" branch="False" />
            <line number="26" hits="10" branch="False" />
            <line number="27" hits="10" branch="False" />
            <line number="28" hits="10" branch="False" />
            <line number="29" hits="10" branch="False" />
            <line number="30" hits="10" branch="False" />
            <line number="31" hits="10" branch="False" />
            <line number="32" hits="10" branch="False" />
            <line number="38" hits="7" branch="False" />
            <line number="39" hits="7" branch="False" />
            <line number="40" hits="7" branch="False" />
            <line number="46" hits="3" branch="False" />
            <line number="47" hits="3" branch="False" />
            <line number="48" hits="2" branch="False" />
            <line number="53" hits="2" branch="True" condition-coverage="50% (1/2)">
              <conditions>
                <condition number="6" type="jump" coverage="50%" />
              </conditions>
            </line>
            <line number="55" hits="0" branch="False" />
            <line number="58" hits="2" branch="True" condition-coverage="50% (1/2)">
              <conditions>
                <condition number="22" type="jump" coverage="50%" />
              </conditions>
            </line>
            <line number="59" hits="2" branch="False" />
            <line number="60" hits="2" branch="False" />
            <line number="61" hits="2" branch="False" />
          </lines>
        </class>
        <class name="SovereignID.VcSliceA.Eip712.VerifiablePresentationTypedData" filename="shared\SovereignID.VcSliceA.Eip712\VerifiablePresentationTypedData.cs" line-rate="1" branch-rate="0.5" complexity="4">
          <methods>
            <method name="CreateTypedData" signature="(SovereignID.VcSliceA.Eip712.VerifiablePresentation712)" line-rate="1" branch-rate="1" complexity="1">
              <lines>
                <line number="16" hits="9" branch="False" />
                <line number="17" hits="9" branch="False" />
                <line number="18" hits="9" branch="False" />
                <line number="19" hits="9" branch="False" />
                <line number="20" hits="9" branch="False" />
                <line number="21" hits="9" branch="False" />
                <line number="23" hits="9" branch="False" />
                <line number="24" hits="9" branch="False" />
                <line number="25" hits="9" branch="False" />
                <line number="26" hits="9" branch="False" />
                <line number="27" hits="9" branch="False" />
                <line number="28" hits="9" branch="False" />
                <line number="29" hits="9" branch="False" />
                <line number="30" hits="9" branch="False" />
                <line number="31" hits="9" branch="False" />
[...]
                <condition number="152" type="jump" coverage="100%" />
              </conditions>
            </line>
            <line number="146" hits="1" branch="False" />
            <line number="149" hits="3" branch="True" condition-coverage="50% (1/2)">
              <conditions>
                <condition number="185" type="jump" coverage="50%" />
              </conditions>
            </line>
            <line number="151" hits="0" branch="False" />
            <line number="154" hits="3" branch="False" />
            <line number="155" hits="3" branch="True" condition-coverage="50% (1/2)">
              <conditions>
                <condition number="220" type="jump" coverage="50%" />
              </conditions>
            </line>
            <line number="157" hits="0" branch="False" />
            <line number="160" hits="3" branch="True" condition-coverage="50% (2/4)">
              <conditions>
                <condition number="367" type="jump" coverage="50%" />
                <condition number="377" type="jump" coverage="50%" />
              </conditions>
            </line>
            <line number="161" hits="3" branch="False" />
            <line number="162" hits="3" branch="False" />
            <line number="163" hits="3" branch="False" />
            <line number="164" hits="3" branch="False" />
            <line number="165" hits="3" branch="False" />
            <line number="166" hits="3" branch="False" />
            <line number="167" hits="3" branch="False" />
            <line number="168" hits="3" branch="False" />
            <line number="169" hits="3" branch="False" />
            <line number="170" hits="3" branch="False" />
            <line number="171" hits="3" branch="False" />
            <line number="172" hits="3" branch="False" />
            <line number="177" hits="3" branch="False" />
            <line number="178" hits="2" branch="False" />
            <line number="179" hits="1" branch="False" />
            <line number="181" hits="1" branch="False" />
            <line number="184" hits="2" branch="True" condition-coverage="50% (1/2)">
              <conditions>
                <condition number="443" type="jump" coverage="50%" />
              </conditions>
            </line>
            <line number="186" hits="0" branch="False" />
            <line number="189" hits="2" branch="False" />
            <line number="190" hits="1" branch="False" />
            <line number="194" hits="5" branch="False" />
            <line number="195" hits="5" branch="False" />
            <line number="196" hits="5" branch="True" condition-coverage="50% (2/4)">
              <conditions>
                <condition number="24" type="jump" coverage="50%" />
                <condition number="43" type="jump" coverage="50%" />
              </conditions>
            </line>
            <line number="198" hits="0" branch="False" />
            <line number="199" hits="0" branch="False" />
            <line number="202" hits="5" branch="True" condition-coverage="50% (2/4)">
              <conditions>
                <condition number="68" type="jump" coverage="50%" />
                <condition number="78" type="jump" coverage="50%" />
              </conditions>
            </line>
            <line number="204" hits="0" branch="False" />
            <line number="205" hits="0" branch="False" />
            <line number="208" hits="5" branch="False" />
            <line number="209" hits="5" branch="True" condition-coverage="50% (1/2)">
              <conditions>
                <condition number="105" type="jump" coverage="50%" />
              </conditions>
            </line>
            <line number="211" hits="0" branch="False" />
            <line number="212" hits="0" branch="False" />
            <line number="215" hits="5" branch="False" />
          </lines>
        </class>
        <class name="SovereignID.Verifier.Application.Presentation.VerifierTituloGraduacionVcDocumentErrorMapper" filename="bc-verifier\SovereignID.Verifier.Application\Presentation\VerifierTituloGraduacionVcDocumentErrorMapper.cs" line-rate="0.3958" branch-rate="0.0774" complexity="142">
          <methods>
            <method name="Map" signature="(System.String)" line-rate="0.3958" branch-rate="0.0774" complexity="142">
              <lines>
                <line number="8" hits="2" branch="True" condition-coverage="7.74% (11/142)">
                  <conditions>
                    <condition number="1" type="jump" coverage="50%" />
                    <condition number="17" type="switch" coverage="10%" />
                    <condition number="115" type="jump" coverage="0%" />
                    <condition number="145" type="jump" coverage="0%" />
                    <condition number="176" type="switch" coverage="16.66%" />
                    <condition number="204" type="jump" coverage="50%" />
                    <condition number="234" type="jump" coverage="0%" />
                    <condition number="239" type="jump" coverage="0%" />
                    <condition number="260" type="jump" coverage="0%" />
                    <condition number="290" type="jump" coverage="0%" />
                    <condition number="320" type="jump" coverage="0%" />
                    <condition number="350" type="jump" coverage="0%" />
                    <condition number="358" type="jump" coverage="0%" />
                    <condition number="388" type="jump" coverage="50%" />
                    <condition number="396" type="jump" coverage="50%" />
                    <condition number="426" type="jump" coverage="0%" />
                    <condition number="123" type="jump" coverage="0%" />
                    <condition number="153" type="jump" coverage="0%" />
                    <condition number="212" type="jump" coverage="50%" />
                    <condition number="268" type="jump" coverage="0%" />
                    <condition number="247" type="jump" coverage="0%" />
                    <condition number="707" type="jump" coverage="0%" />
                    <condition number="298" type="jump" coverage="0%" />
                    <condition number="328" type="jump" coverage="0%" />
                    <condition number="366" type="jump" coverage="0%" />
                    <condition number="912" type="jump" coverage="0%" />
                    <condition number="404" type="jump" coverage="50%" />
                    <condition number="434" type="jump" coverage="0%" />
                    <condition number="455" type="jump" coverage="0%" />
                    <condition number="497" type="jump" coverage="0%" />
                    <condition number="539" type="jump" coverage="0%" />
                    <condition number="560" type="jump" coverage="0%" />
                    <condition number="644" type="jump" coverage="0%" />
                    <condition number="744" type="jump" coverage="0%" />
                    <condition number="786" type="jump" coverage="0%" />
                    <condition number="807" type="jump" coverage="0%" />
                    <condition number="828" type="jump" coverage="0%" />
                    <condition number="849" type="jump" coverage="0%" />
                    <condition number="870" type="jump" coverage="0%" />
                    <condition number="891" type="jump" coverage="0%" />
                    <condition number="970" type="jump" coverage="0%" />
                    <condition number="991" type="jump" coverage="0%" />
                    <condition number="1012" type="jump" coverage="50%" />
                    <condition number="1054" type="jump" coverage="0%" />
                    <condition number="581" type="jump" coverage="50%" />
                    <condition number="476" type="jump" coverage="0%" />
                    <condition number="602" type="jump" coverage="0%" />
                    <condition number="928" type="jump" coverage="0%" />
                    <condition number="623" type="jump" coverage="0%" />
                    <condition number="1075" type="jump" coverage="0%" />
                    <condition number="665" type="jump" coverage="0%" />
                    <condition number="1096" type="jump" coverage="0%" />
                    <condition number="686" type="jump" coverage="0%" />
                    <condition number="765" type="jump" coverage="0%" />
                    <condition number="1117" type="jump" coverage="0%" />
                    <condition number="723" type="jump" coverage="0%" />
                    <condition number="1138" type="jump" coverage="0%" />
                    <condition number="949" type="jump" coverage="0%" />
                    <condition number="1033" type="jump" coverage="0%" />
                    <condition number="518" type="jump" coverage="0%" />
                  </conditions>
                </line>
                <line number="9" hits="2" branch="False" />
                <line number="10" hits="2" branch="False" />
                <line number="11" hits="0" branch="False" />
                <line number="12" hits="2" branch="False" />
                <line number="13" hits="2" branch="False" />
                <line number="14" hits="2" branch="False" />
                <line number="15" hits="2" branch="False" />
                <line number="16" hits="0" branch="False" />
                <line number="17" hits="2" branch="False" />
                <line number="18" hits="0" branch="False" />
                <line number="19" hits="0" branch="False" />
                <line number="20" hits="2" branch="False" />
                <line number="21" hits="0" branch="False" />
                <line number="22" hits="0" branch="False" />
                <line number="23" hits="2" branch="False" />
                <line number="24" hits="0" branch="False" />
                <line number="25" hits="0" branch="False" />
                <line number="26" hits="2" branch="False" />
                <line number="27" hits="0" branch="False" />
                <line number="28" hits="0" branch="False" />
                <line number="29" hits="1" branch="False" />
                <line number="30" hits="2" branch="False" />
                <line number="31" hits="0" branch="False" />
                <line number="32" hits="1" branch="False" />
                <line number="33" hits="2" branch="False" />
                <line number="34" hits="0" branch="False" />
                <line number="35" hits="0" branch="False" />
                <line number="36" hits="0" branch="False" />
                <line number="37" hits="0" branch="False" />
                <line number="38" hits="0" branch="False" />
                <line number="39" hits="2" branch="False" />
                <line number="40" hits="0" branch="False" />
                <line number="41" hits="0" branch="False" />
                <line number="42" hits="0" branch="False" />
                <line number="43" hits="0" branch="False" />
                <line number="44" hits="0" branch="False" />
                <line number="45" hits="0" branch="False" />
                <line number="46" hits="0" branch="False" />
                <line number="47" hits="0" branch="False" />
                <line number="48" hits="2" branch="False" />
                <line number="49" hits="0" branch="False" />
                <line number="50" hits="0" branch="False" />
                <line number="51" hits="0" branch="False" />
                <line number="52" hits="0" branch="False" />
                <line number="53" hits="2" branch="False" />
                <line number="54" hits="0" branch="False" />
                <line number="55" hits="2" branch="False" />
              </lines>
            </method>
          </methods>
          <lines>
            <line number="8" hits="2" branch="True" condition-coverage="7.74% (11/142)">
              <conditions>
                <condition number="1" type="jump" coverage="50%" />
                <condition number="17" type="switch" coverage="10%" />
                <condition number="115" type="jump" coverage="0%" />
                <condition number="145" type="jump" coverage="0%" />
                <condition number="176" type="switch" coverage="16.66%" />
                <condition number="204" type="jump" coverage="50%" />
                <condition number="234" type="jump" coverage="0%" />
                <condition number="239" type="jump" coverage="0%" />
                <condition number="260" type="jump" coverage="0%" />
                <condition number="290" type="jump" coverage="0%" />
                <condition number="320" type="jump" coverage="0%" />
                <condition number="350" type="jump" coverage="0%" />
                <condition number="358" type="jump" coverage="0%" />
                <condition number="388" type="jump" coverage="50%" />
                <condition number="396" type="jump" coverage="50%" />
                <condition number="426" type="jump" coverage="0%" />
                <condition number="123" type="jump" coverage="0%" />
                <condition number="153" type="jump" coverage="0%" />
                <condition number="212" type="jump" coverage="50%" />
                <condition number="268" type="jump" coverage="0%" />
                <condition number="247" type="jump" coverage="0%" />
                <condition number="707" type="jump" coverage="0%" />
                <condition number="298" type="jump" coverage="0%" />
                <condition number="328" type="jump" coverage="0%" />
                <condition number="366" type="jump" coverage="0%" />
                <condition number="912" type="jump" coverage="0%" />
                <condition number="404" type="jump" coverage="50%" />
                <condition number="434" type="jump" coverage="0%" />
                <condition number="455" type="jump" coverage="0%" />
                <condition number="497" type="jump" coverage="0%" />
                <condition number="539" type="jump" coverage="0%" />
                <condition number="560" type="jump" coverage="0%" />
                <condition number="644" type="jump" coverage="0%" />
                <condition number="744" type="jump" coverage="0%" />
                <condition number="786" type="jump" coverage="0%" />
                <condition number="807" type="jump" coverage="0%" />
                <condition number="828" type="jump" coverage="0%" />
                <condition number="849" type="jump" coverage="0%" />
                <condition number="870" type="jump" coverage="0%" />
                <condition number="891" type="jump" coverage="0%" />
                <condition number="970" type="jump" coverage="0%" />
                <condition number="991" type="jump" coverage="0%" />
                <condition number="1012" type="jump" coverage="50%" />
                <condition number="1054" type="jump" coverage="0%" />
                <condition number="581" type="jump" coverage="50%" />
                <condition number="476" type="jump" coverage="0%" />
                <condition number="602" type="jump" coverage="0%" />
                <condition number="928" type="jump" coverage="0%" />
                <condition number="623" type="jump" coverage="0%" />
                <condition number="1075" type="jump" coverage="0%" />
                <condition number="665" type="jump" coverage="0%" />
                <condition number="1096" type="jump" coverage="0%" />
                <condition number="686" type="jump" coverage="0%" />
                <condition number="765" type="jump" coverage="0%" />
                <condition number="1117" type="jump" coverage="0%" />
                <condition number="723" type="jump" coverage="0%" />
                <condition number="1138" type="jump" coverage="0%" />
                <condition number="949" type="jump" coverage="0%" />
                <condition number="1033" type="jump" coverage="0%" />
                <condition number="518" type="jump" coverage="0%" />
              </conditions>
            </line>
            <line number="9" hits="2" branch="False" />
            <line number="10" hits="2" branch="False" />
            <line number="11" hits="0" branch="False" />
            <line number="12" hits="2" branch="False" />
            <line number="13" hits="2" branch="False" />
            <line number="14" hits="2" branch="False" />
            <line number="15" hits="2" branch="False" />
            <line number="16" hits="0" branch="False" />
            <line number="17" hits="2" branch="False" />
            <line number="18" hits="0" branch="False" />
            <line number="19" hits="0" branch="False" />
            <line number="20" hits="2" branch="False" />
            <line number="21" hits="0" branch="False" />
            <line number="22" hits="0" branch="False" />
            <line number="23" hits="2" branch="False" />
            <line number="24" hits="0" branch="False" />
            <line number="25" hits="0" branch="False" />
            <line number="26" hits="2" branch="False" />
            <line number="27" hits="0" branch="False" />
            <line number="28" hits="0" branch="False" />
            <line number="29" hits="1" branch="False" />
            <line number="30" hits="2" branch="False" />
            <line number="31" hits="0" branch="False" />
            <line number="32" hits="1" branch="False" />
            <line number="33" hits="2" branch="False" />
            <line number="34" hits="0" branch="False" />
            <line number="35" hits="0" branch="False" />
            <line number="36" hits="0" branch="False" />
            <line number="37" hits="0" branch="False" />
            <line number="38" hits="0" branch="False" />
            <line number="39" hits="2" branch="False" />
            <line number="40" hits="0" branch="False" />
            <line number="41" hits="0" branch="False" />
            <line number="42" hits="0" branch="False" />
            <line number="43" hits="0" branch="False" />
            <line number="44" hits="0" branch="False" />
            <line number="45" hits="0" branch="False" />
            <line number="46" hits="0" branch="False" />
            <line number="47" hits="0" branch="False" />
            <line number="48" hits="2" branch="False" />
            <line number="49" hits="0" branch="False" />
            <line number="50" hits="0" branch="False" />
            <line number="51" hits="0" branch="False" />
            <line number="52" hits="0" branch="False" />
            <line number="53" hits="2" branch="False" />
            <line number="54" hits="0" branch="False" />
            <line number="55" hits="2" branch="False" />
          </lines>
        </class>
        <class name="SovereignID.Verifier.Application.Presentation.VerifyPresentationCommandHandler" filename="bc-verifier\SovereignID.Verifier.Application\Presentation\VerifyPresentationCommandHandler.cs" line-rate="0" branch-rate="1" complexity="1">
          <methods>
            <method name=".ctor" signature="(SovereignID.SharedKernel.Domain.IClock)" line-rate="0" branch-rate="1" complexity="1">
              <lines>
                <line number="14" hits="0" branch="False" />
                <line number="16" hits="0" branch="False" />
                <line number="17" hits="0" branch="False" />
              </lines>
            </method>
          </methods>
          <lines>
            <line number="14" hits="0" branch="False" />
            <line number="16" hits="0" branch="False" />
            <line number="17" hits="0" branch="False" />
          </lines>
        </class>
      </classes>
    </package>
    <package name="SovereignID.Verifier.Domain" line-rate="1" branch-rate="1" complexity="0">
      <classes />
    </package>
  </packages>
</coverage>